Using pre-set license
Built from '2020.3/staging' branch; Version is '2020.3.6f1 (338bb68529b2) revision 3378102'; Using compiler version '192528614'; Build Type 'Release'
OS: 'Windows 10 Home Single Language; OS build 19043.1110; Version 2009; 64bit' Language: 'es' Physical Memory: 11973 MB
BatchMode: 1, IsHumanControllingUs: 0, StartBugReporterOnCrash: 0, Is64bit: 1, IsPro: 0

 COMMAND LINE ARGUMENTS:
C:\Program Files\Unity\Hub\Editor\2020.3.6f1\Editor\Unity.exe
-adb2
-batchMode
-noUpm
-name
AssetImportWorker0
-projectPath
C:/Users/57302/Documents/Universidad/2021-1S/Ingeniería de Requisitos/Juego/Hard_Choices
-logFile
Logs/AssetImportWorker0.log
-srvPort
57501
Successfully changed project path to: C:/Users/57302/Documents/Universidad/2021-1S/Ingeniería de Requisitos/Juego/Hard_Choices
C:/Users/57302/Documents/Universidad/2021-1S/Ingeniería de Requisitos/Juego/Hard_Choices
Using Asset Import Pipeline V2.
Refreshing native plugins compatible for Editor in 35.65 ms, found 0 plugins.
Preloading 0 native plugins for Editor in 0.00 ms.
Initialize engine version: 2020.3.6f1 (338bb68529b2)
[Subsystems] Discovering subsystems at path C:/Program Files/Unity/Hub/Editor/2020.3.6f1/Editor/Data/Resources/UnitySubsystems
[Subsystems] Discovering subsystems at path C:/Users/57302/Documents/Universidad/2021-1S/Ingeniería de Requisitos/Juego/Hard_Choices/Assets
GfxDevice: creating device client; threaded=0
Direct3D:
    Version:  Direct3D 11.0 [level 11.1]
    Renderer: Intel(R) Iris(R) Plus Graphics (ID=0x8a52)
    Vendor:   
    VRAM:     5986 MB
    Driver:   26.20.100.7926
Initialize mono
Mono path[0] = 'C:/Program Files/Unity/Hub/Editor/2020.3.6f1/Editor/Data/Managed'
Mono path[1] = 'C:/Program Files/Unity/Hub/Editor/2020.3.6f1/Editor/Data/MonoBleedingEdge/lib/mono/unityjit'
Mono config path = 'C:/Program Files/Unity/Hub/Editor/2020.3.6f1/Editor/Data/MonoBleedingEdge/etc'
Using monoOptions --debugger-agent=transport=dt_socket,embedding=1,server=y,suspend=n,address=127.0.0.1:56848
Begin MonoManager ReloadAssembly
Registering precompiled unity dll's ...
Register platform support module: C:/Program Files/Unity/Hub/Editor/2020.3.6f1/Editor/Data/PlaybackEngines/WindowsStandaloneSupport/UnityEditor.WindowsStandalone.Extensions.dll
Registered in 0.002616 seconds.
Native extension for WindowsStandalone target not found
Refreshing native plugins compatible for Editor in 64.21 ms, found 0 plugins.
Preloading 0 native plugins for Editor in 0.00 ms.
Mono: successfully reloaded assembly
- Completed reload, in  1.884 seconds
Platform modules already initialized, skipping
Registering precompiled user dll's ...
Registered in 0.003269 seconds.
Begin MonoManager ReloadAssembly
Native extension for WindowsStandalone target not found
Refreshing native plugins compatible for Editor in 0.68 ms, found 0 plugins.
Preloading 0 native plugins for Editor in 0.00 ms.
Mono: successfully reloaded assembly
- Completed reload, in  1.746 seconds
Platform modules already initialized, skipping
========================================================================
Worker process is ready to serve import requests
Launched and connected shader compiler UnityShaderCompiler.exe after 0.07 seconds
Refreshing native plugins compatible for Editor in 0.62 ms, found 0 plugins.
Preloading 0 native plugins for Editor in 0.00 ms.
Unloading 1362 Unused Serialized files (Serialized files now loaded: 0)
System memory in use before: 68.6 MB.
System memory in use after: 68.6 MB.

Unloading 15 unused Assets to reduce memory usage. Loaded Objects now: 1811.
Total: 4.711900 ms (FindLiveObjects: 0.529500 ms CreateObjectMapping: 0.129800 ms MarkObjects: 3.890000 ms  DeleteObjects: 0.159800 ms)

========================================================================
Received Import Request.
  path: Assets/Scripts/WinnerController.cs
  artifactKey: Guid(e240fb9a7d26c3942891dc7e92af471a) Importer(815301076,1909f56bfc062723c751e8b465ee728b)
Start importing Assets/Scripts/WinnerController.cs using Guid(e240fb9a7d26c3942891dc7e92af471a) Importer(815301076,1909f56bfc062723c751e8b465ee728b)  -> (artifact id: '6b9dce76bbb0842648ef4e0bc3a6479d') in 0.055024 seconds
  Import took 0.059442 seconds .

========================================================================
Received Import Request.
  Time since last request: 13.602063 seconds.
  path: Assets/Scenes/Winner.unity
  artifactKey: Guid(927ca5009e1c4fd4da12fc8e58bee94d) Importer(815301076,1909f56bfc062723c751e8b465ee728b)
Start importing Assets/Scenes/Winner.unity using Guid(927ca5009e1c4fd4da12fc8e58bee94d) Importer(815301076,1909f56bfc062723c751e8b465ee728b)  -> (artifact id: 'edeb501337d77a7957cd372f2484c7fe') in 0.024945 seconds
  Import took 0.034369 seconds .

========================================================================
Received Import Request.
  Time since last request: 54.868693 seconds.
  path: Assets/Scripts/Turn.cs
  artifactKey: Guid(6f62ee595574b754399e55c96cb36085) Importer(815301076,1909f56bfc062723c751e8b465ee728b)
Start importing Assets/Scripts/Turn.cs using Guid(6f62ee595574b754399e55c96cb36085) Importer(815301076,1909f56bfc062723c751e8b465ee728b)  -> (artifact id: 'b3ff9184380978976db818a8b55a93cb') in 0.011676 seconds
  Import took 0.015379 seconds .

AssetImportWorkerClient::OnTransportError - code=2 error=End of file
